<?xml version="1.0" encoding="UTF-8"?>
<testng-results ignored="0" total="1" passed="1" failed="0" skipped="0">
  <reporter-output>
  </reporter-output>
  <suite started-at="2025-05-04T15:34:06 GMT-04:00" name="Default suite" finished-at="2025-05-04T15:34:37 GMT-04:00" duration-ms="30569">
    <groups>
      <group name="cucumber">
        <method signature="AbstractTestNGCucumberTests.runScenario(io.cucumber.testng.PickleWrapper,io.cucumber.testng.FeatureWrapper)[pri:0, instance:runner.Runner@2af004b]" name="runScenario" class="io.cucumber.testng.AbstractTestNGCucumberTests"/>
      </group> <!-- cucumber -->
    </groups>
    <test started-at="2025-05-04T15:34:06 GMT-04:00" name="Default test" finished-at="2025-05-04T15:34:37 GMT-04:00" duration-ms="30569">
      <class name="runner.Runner">
        <test-method is-config="true" signature="setUpClass(org.testng.ITestContext)[pri:0, instance:runner.Runner@2af004b]" started-at="2025-05-04T15:34:06 GMT-04:00" name="setUpClass" finished-at="2025-05-04T15:34:07 GMT-04:00" duration-ms="679" status="PASS">
          <params>
            <param index="0">
              <value>
                <![CDATA[org.testng.TestRunner@106faf11]]>
              </value>
            </param>
          </params>
          <reporter-output>
          </reporter-output>
        </test-method> <!-- setUpClass -->
        <test-method signature="runScenario(io.cucumber.testng.PickleWrapper,io.cucumber.testng.FeatureWrapper)[pri:0, instance:runner.Runner@2af004b]" started-at="2025-05-04T15:34:07 GMT-04:00" name="runScenario" description="Runs Cucumber Scenarios" data-provider="scenarios" finished-at="2025-05-04T15:34:36 GMT-04:00" duration-ms="29735" status="PASS">
          <params>
            <param index="0">
              <value>
                <![CDATA["Retreive and validate booking details by id and firstname"]]>
              </value>
            </param>
            <param index="1">
              <value>
                <![CDATA["Booking Feature"]]>
              </value>
            </param>
          </params>
          <reporter-output>
          </reporter-output>
        </test-method> <!-- runScenario -->
        <test-method is-config="true" signature="tearDownClass()[pri:0, instance:runner.Runner@2af004b]" started-at="2025-05-04T15:34:36 GMT-04:00" name="tearDownClass" finished-at="2025-05-04T15:34:37 GMT-04:00" duration-ms="94" status="PASS">
          <reporter-output>
          </reporter-output>
        </test-method> <!-- tearDownClass -->
      </class> <!-- runner.Runner -->
    </test> <!-- Default test -->
  </suite> <!-- Default suite -->
</testng-results>
